<?xml version="1.0" encoding="UTF-8"?>
<testsuites name="login" time="47" tests="1" failures="0" errors="0">
   <testsuite name="login" tests="1" failures="0" errors="0" time="47" timestamp="2019-06-12 09:13:46" hostname="00123955 - L110600476.MAYBANK-MY.MBB.DIR" id="Test Suites/m2u/login">
      <properties>
         <property name="deviceName" value=""/>
         <property name="devicePlatform" value=""/>
         <property name="logFolder" value="C:\\Users\\00123955\\git\\KatalonGitTest\\Reports\\m2u\\login\\20190612_091339"/>
         <property name="logFiles" value="C:\\Users\\00123955\\git\\KatalonGitTest\\Reports\\m2u\\login\\20190612_091339\\execution0.log"/>
         <property name="attachments" value=""/>
         <property name="hostName" value="00123955 - L110600476.MAYBANK-MY.MBB.DIR"/>
         <property name="os" value="Windows 7 64bit"/>
         <property name="katalonVersion" value="6.1.2.2"/>
         <property name="browser" value="Firefox 67.0"/>
         <property name="hostAddress" value="172.20.10.9"/>
         <property name="sessionId" value="95987eea-ef22-4862-a960-abc5caaac5c9"/>
         <property name="seleniumVersion" value="3.7.1"/>
         <property name="proxyInformation" value="ProxyInformation{proxyOption=NO_PROXY, proxyServerType=HTTP, password=, proxyServerAddress=, proxyServerPort=0}"/>
         <property name="platform" value="Windows 7"/>
      </properties>
      <testcase name="Test Cases/m2u login" classname="Test Cases/m2u login" status="PASSED">
         <system-out><![CDATA[2019-06-12 09:13:47 - [TEST_CASE][PASSED] - Test Cases/m2u login: Test Cases/m2u login

2019-06-12 09:13:49 - [TEST_STEP][PASSED] - openBrowser(""): Browser is opened with url: ''

2019-06-12 09:13:49 - [MESSAGE][INFO] - Starting 'Firefox' driver

2019-06-12 09:13:50 - [MESSAGE][INFO] - Action delay is set to 0 seconds

2019-06-12 09:14:07 - [MESSAGE][PASSED] - Browser is opened with url: ''

2019-06-12 09:14:07 - [TEST_STEP][PASSED] - navigateToUrl("https://www.maybank2u.com.my/home/m2u/common/login.do"): Navigate to 'https://www.maybank2u.com.my/home/m2u/common/login.do' successfully

2019-06-12 09:14:20 - [MESSAGE][PASSED] - Navigate to 'https://www.maybank2u.com.my/home/m2u/common/login.do' successfully

2019-06-12 09:14:20 - [TEST_STEP][PASSED] - setText(findTestObject("Object Repository/git/Page_Maybank2u/input_Humanising Banking_username"), "mosajgohar1"): Text 'mosajgohar1' is set on object 'Object Repository/git/Page_Maybank2u/input_Humanising Banking_username'

2019-06-12 09:14:21 - [MESSAGE][PASSED] - Text 'mosajgohar1' is set on object 'Object Repository/git/Page_Maybank2u/input_Humanising Banking_username'

2019-06-12 09:14:21 - [TEST_STEP][PASSED] - click(findTestObject("Object Repository/git/Page_Maybank2u/button_LOGIN")): Object: 'Object Repository/git/Page_Maybank2u/button_LOGIN' is clicked on

2019-06-12 09:14:21 - [MESSAGE][PASSED] - Object: 'Object Repository/git/Page_Maybank2u/button_LOGIN' is clicked on

2019-06-12 09:14:21 - [TEST_STEP][PASSED] - click(findTestObject("Object Repository/git/Page_Maybank2u/button_YES")): Object: 'Object Repository/git/Page_Maybank2u/button_YES' is clicked on

2019-06-12 09:14:23 - [MESSAGE][PASSED] - Object: 'Object Repository/git/Page_Maybank2u/button_YES' is clicked on

2019-06-12 09:14:23 - [TEST_STEP][PASSED] - delay(5): Delayed 5 second(s)

2019-06-12 09:14:28 - [MESSAGE][PASSED] - Delayed 5 second(s)

2019-06-12 09:14:28 - [TEST_STEP][PASSED] - closeBrowser(): Browser is closed

2019-06-12 09:14:33 - [MESSAGE][PASSED] - Browser is closed]]></system-out>
         <system-err><![CDATA[]]></system-err>
      </testcase>
      <system-out><![CDATA[2019-06-12 09:13:46 - [TEST_SUITE][PASSED] - login: Test Cases/m2u login]]></system-out>
      <system-err><![CDATA[]]></system-err>
   </testsuite>
</testsuites>
